<?xml version="1.0" encoding="UTF-8"?>
<!-- Generated by org.testng.reporters.JUnitReportReporter -->
<testsuite hostname="Kunal" failures="0" tests="2" name="com.stepGeneratorClasses.NewTest" time="5.160" errors="0" timestamp="2021-03-10T15:40:00 IST" skipped="0">
  <testcase classname="com.stepGeneratorClasses.NewTest" name="f" time="4.487"/>
  <system-out/>
  <testcase classname="com.stepGeneratorClasses.NewTest" name="f" time="0.673"/>
  <system-out/>
</testsuite> <!-- com.stepGeneratorClasses.NewTest -->
