<?xml version="1.0" encoding="UTF-8"?>
<!-- Generated by org.testng.reporters.JUnitReportReporter -->
<testsuite hostname="Kunal" failures="0" tests="2" name="com.stepGeneratorClasses.TestNGReport" time="4.255" errors="0" timestamp="2021-03-10T18:47:02 IST" skipped="0">
  <testcase classname="com.stepGeneratorClasses.TestNGReport" name="f" time="3.666"/>
  <system-out>
Response received  </system-out>
  <testcase classname="com.stepGeneratorClasses.TestNGReport" name="f" time="0.589"/>
  <system-out>
Response received  </system-out>
</testsuite> <!-- com.stepGeneratorClasses.TestNGReport -->
