<?xml version="1.0" encoding="UTF-8"?>
<!-- Generated by org.testng.reporters.JUnitReportReporter -->
<testsuite hostname="Kunal" failures="0" tests="1" name="testNG_RunnerClasses.TestNGRunnerClass" time="0.188" errors="0" timestamp="2021-03-10T16:18:22 IST" skipped="0">
  <testcase classname="testNG_RunnerClasses.TestNGRunnerClass" name="runScenario" time="0.188"/>
  <system-out/>
</testsuite> <!-- testNG_RunnerClasses.TestNGRunnerClass -->
