<?xml version="1.0" encoding="UTF-8"?>
<!-- Generated by org.testng.reporters.JUnitReportReporter -->
<testsuite hostname="Kunal" failures="0" tests="1" name="testNG_RunnerClasses.TestNGRunnerClass" time="4.694" errors="0" timestamp="2021-03-10T12:11:37 IST" skipped="0">
  <testcase classname="testNG_RunnerClasses.TestNGRunnerClass" name="runScenario" time="4.694"/>
  <system-out/>
</testsuite> <!-- testNG_RunnerClasses.TestNGRunnerClass -->
