<?xml version="1.0" encoding="UTF-8"?>
<!-- Generated by org.testng.reporters.JUnitReportReporter -->
<testsuite hostname="Kunal" failures="0" tests="2" name="com.stepGeneratorClasses.DataProviderClass" time="3.667" errors="0" timestamp="2021-03-10T18:35:59 IST" skipped="0">
  <testcase classname="com.stepGeneratorClasses.DataProviderClass" name="f" time="0.519"/>
  <system-out/>
  <testcase classname="com.stepGeneratorClasses.DataProviderClass" name="f" time="3.148"/>
  <system-out/>
</testsuite> <!-- com.stepGeneratorClasses.DataProviderClass -->
