<?xml version="1.0" encoding="UTF-8"?>
<!-- Generated by org.testng.reporters.JUnitReportReporter -->
<testsuite hostname="Kunal" failures="0" tests="1" name="testNG_RunnerClasses.TestNGRunnerClass" time="4.035" errors="0" timestamp="2021-03-09T14:39:21 IST" skipped="0">
  <testcase classname="testNG_RunnerClasses.TestNGRunnerClass" name="runScenario" time="4.035"/>
  <system-out/>
</testsuite> <!-- testNG_RunnerClasses.TestNGRunnerClass -->
