<?xml version="1.0" encoding="UTF-8"?>
<!-- Generated by org.testng.reporters.JUnitReportReporter -->
<testsuite hostname="Kunal" failures="0" tests="1" name="assignment2.Q5_ScrollWebPage" time="11.839" errors="0" timestamp="2021-03-05T15:27:07 IST" skipped="0">
  <testcase classname="assignment2.Q5_ScrollWebPage" name="T5" time="11.839"/>
  <system-out/>
</testsuite> <!-- assignment2.Q5_ScrollWebPage -->
