<?xml version="1.0" encoding="UTF-8"?>
<!-- Generated by org.testng.reporters.JUnitReportReporter -->
<testsuite hostname="Kunal" failures="0" tests="1" name="assignment2.Q3_Popup" time="39.574" errors="0" timestamp="2021-03-05T15:24:22 IST" skipped="0">
  <testcase classname="assignment2.Q3_Popup" name="T4" time="39.574"/>
  <system-out/>
</testsuite> <!-- assignment2.Q3_Popup -->
