<?xml version="1.0" encoding="UTF-8"?>
<!-- Generated by org.testng.reporters.JUnitReportReporter -->
<testsuite hostname="Kunal" failures="0" tests="1" name="assignment4.Q4_Excel" time="10.083" errors="0" timestamp="2021-03-05T17:57:07 IST" skipped="0">
  <testcase classname="assignment4.Q4_Excel" name="f" time="10.083"/>
  <system-out/>
</testsuite> <!-- assignment4.Q4_Excel -->
