<?xml version="1.0" encoding="UTF-8"?>
<!-- Generated by org.testng.reporters.JUnitReportReporter -->
<testsuite hostname="Kunal" failures="0" tests="1" name="assignment.GoogleSearch_Q4" time="6.331" errors="0" timestamp="2021-03-04T15:32:31 IST" skipped="0">
  <testcase classname="assignment.GoogleSearch_Q4" name="T4" time="6.331"/>
  <system-out/>
</testsuite> <!-- assignment.GoogleSearch_Q4 -->
