<?xml version="1.0" encoding="UTF-8"?>
<!-- Generated by org.testng.reporters.JUnitReportReporter -->
<testsuite hostname="Kunal" failures="0" tests="1" name="assignment.Q3_Popup" time="13.504" errors="0" timestamp="2021-03-04T17:00:10 IST" skipped="0">
  <testcase classname="assignment.Q3_Popup" name="T4" time="13.504"/>
  <system-out/>
</testsuite> <!-- assignment.Q3_Popup -->
