<?xml version="1.0" encoding="UTF-8"?>
<!-- Generated by org.testng.reporters.JUnitReportReporter -->
<testsuite hostname="Kunal" failures="0" tests="1" name="assignment.Q8_BrokenLinks" time="65.351" errors="0" timestamp="2021-03-04T18:23:38 IST" skipped="0">
  <testcase classname="assignment.Q8_BrokenLinks" name="T8" time="65.351"/>
  <system-out/>
</testsuite> <!-- assignment.Q8_BrokenLinks -->
