<?xml version="1.0" encoding="UTF-8"?>
<!-- Generated by org.testng.reporters.JUnitReportReporter -->
<testsuite hostname="Kunal" failures="0" tests="1" name="assignment4.Q2_SwitchTab" time="27.176" errors="0" timestamp="2021-03-05T17:15:16 IST" skipped="0">
  <testcase classname="assignment4.Q2_SwitchTab" name="f" time="27.176"/>
  <system-out/>
</testsuite> <!-- assignment4.Q2_SwitchTab -->
