<?xml version="1.0" encoding="UTF-8"?>
<!-- Generated by org.testng.reporters.JUnitReportReporter -->
<testsuite hostname="Kunal" failures="0" tests="1" name="assignment.BrokenLinks_Q8" time="80.028" errors="0" timestamp="2021-03-04T14:17:08 IST" skipped="0">
  <testcase classname="assignment.BrokenLinks_Q8" name="T8" time="80.028"/>
  <system-out/>
</testsuite> <!-- assignment.BrokenLinks_Q8 -->
