<?xml version="1.0" encoding="UTF-8"?>
<!-- Generated by org.testng.reporters.JUnitReportReporter -->
<testsuite hostname="Kunal" failures="0" tests="1" name="assignment2.Q9_ConfigProperties" time="1.055" errors="0" timestamp="2021-03-05T15:33:09 IST" skipped="0">
  <testcase classname="assignment2.Q9_ConfigProperties" name="T9" time="1.055"/>
  <system-out/>
</testsuite> <!-- assignment2.Q9_ConfigProperties -->
