<?xml version="1.0" encoding="UTF-8"?>
<!-- Generated by org.testng.reporters.JUnitReportReporter -->
<testsuite hostname="Kunal" failures="0" tests="1" name="assignment2.Q7_TextWithoutSendKeys" time="0.876" errors="0" timestamp="2021-03-05T15:30:43 IST" skipped="0">
  <testcase classname="assignment2.Q7_TextWithoutSendKeys" name="T7" time="0.876"/>
  <system-out/>
</testsuite> <!-- assignment2.Q7_TextWithoutSendKeys -->
