<?xml version="1.0" encoding="UTF-8"?>
<!-- Generated by org.testng.reporters.JUnitReportReporter -->
<testsuite hostname="Kunal" failures="0" tests="7" name="assignment3.Q2_DataProvider" time="7.985" errors="0" timestamp="2021-03-05T15:51:49 IST" skipped="0">
  <testcase classname="assignment3.Q2_DataProvider" name="f" time="1.119"/>
  <system-out/>
  <testcase classname="assignment3.Q2_DataProvider" name="f" time="1.229"/>
  <system-out/>
  <testcase classname="assignment3.Q2_DataProvider" name="f" time="1.107"/>
  <system-out/>
  <testcase classname="assignment3.Q2_DataProvider" name="f" time="1.099"/>
  <system-out/>
  <testcase classname="assignment3.Q2_DataProvider" name="f" time="1.174"/>
  <system-out/>
  <testcase classname="assignment3.Q2_DataProvider" name="f" time="1.127"/>
  <system-out/>
  <testcase classname="assignment3.Q2_DataProvider" name="f" time="1.130"/>
  <system-out/>
</testsuite> <!-- assignment3.Q2_DataProvider -->
