<?xml version="1.0" encoding="UTF-8"?>
<!-- Generated by org.testng.reporters.JUnitReportReporter -->
<testsuite hostname="Kunal" failures="0" tests="1" name="assignment4.Q5_Pincode" time="777.847" errors="0" timestamp="2021-03-05T13:43:22 IST" skipped="0">
  <testcase classname="assignment4.Q5_Pincode" name="f" time="777.847"/>
  <system-out/>
</testsuite> <!-- assignment4.Q5_Pincode -->
