<?xml version="1.0" encoding="UTF-8"?>
<!-- Generated by org.testng.reporters.JUnitReportReporter -->
<testsuite hostname="Kunal" failures="0" tests="1" name="assignment.Q4_GoogleSearch" time="5.697" errors="0" timestamp="2021-03-04T18:31:44 IST" skipped="0">
  <testcase classname="assignment.Q4_GoogleSearch" name="T4" time="5.697"/>
  <system-out/>
</testsuite> <!-- assignment.Q4_GoogleSearch -->
