<?xml version="1.0" encoding="UTF-8"?>
<!-- Generated by org.testng.reporters.JUnitReportReporter -->
<testsuite hostname="Kunal" failures="0" tests="7" name="assignment.Q1_DropDown" time="23.911" errors="0" timestamp="2021-03-04T15:47:48 IST" skipped="0">
  <testcase classname="assignment.Q1_DropDown" name="T4" time="3.318"/>
  <system-out/>
  <testcase classname="assignment.Q1_DropDown" name="T4" time="3.319"/>
  <system-out/>
  <testcase classname="assignment.Q1_DropDown" name="T4" time="3.289"/>
  <system-out/>
  <testcase classname="assignment.Q1_DropDown" name="T4" time="3.302"/>
  <system-out/>
  <testcase classname="assignment.Q1_DropDown" name="T4" time="3.341"/>
  <system-out/>
  <testcase classname="assignment.Q1_DropDown" name="T4" time="3.287"/>
  <system-out/>
  <testcase classname="assignment.Q1_DropDown" name="T4" time="4.055"/>
  <system-out/>
</testsuite> <!-- assignment.Q1_DropDown -->
