<?xml version="1.0" encoding="UTF-8"?>
<!-- Generated by org.testng.reporters.JUnitReportReporter -->
<testsuite hostname="Kunal" failures="0" tests="1" name="assignment4.Q1_GoogleLogin" time="20.514" errors="0" timestamp="2021-03-05T17:54:28 IST" skipped="0">
  <testcase classname="assignment4.Q1_GoogleLogin" name="f" time="20.514"/>
  <system-out/>
</testsuite> <!-- assignment4.Q1_GoogleLogin -->
