<?xml version="1.0" encoding="UTF-8"?>
<!-- Generated by org.testng.reporters.JUnitReportReporter -->
<testsuite hostname="Kunal" failures="0" tests="7" name="assignment2.Q1_DropDown" time="24.854" errors="0" timestamp="2021-03-05T15:18:02 IST" skipped="0">
  <testcase classname="assignment2.Q1_DropDown" name="T4" time="3.458"/>
  <system-out/>
  <testcase classname="assignment2.Q1_DropDown" name="T4" time="3.346"/>
  <system-out/>
  <testcase classname="assignment2.Q1_DropDown" name="T4" time="4.597"/>
  <system-out/>
  <testcase classname="assignment2.Q1_DropDown" name="T4" time="3.446"/>
  <system-out/>
  <testcase classname="assignment2.Q1_DropDown" name="T4" time="3.318"/>
  <system-out/>
  <testcase classname="assignment2.Q1_DropDown" name="T4" time="3.305"/>
  <system-out/>
  <testcase classname="assignment2.Q1_DropDown" name="T4" time="3.384"/>
  <system-out/>
</testsuite> <!-- assignment2.Q1_DropDown -->
