<?xml version="1.0" encoding="UTF-8"?>
<!-- Generated by org.testng.reporters.JUnitReportReporter -->
<testsuite hostname="Kunal" failures="0" tests="1" name="assignment2.Q4_GoogleSearch" time="18.599" errors="0" timestamp="2021-03-05T15:25:41 IST" skipped="0">
  <testcase classname="assignment2.Q4_GoogleSearch" name="T4" time="18.599"/>
  <system-out/>
</testsuite> <!-- assignment2.Q4_GoogleSearch -->
