<?xml version="1.0" encoding="UTF-8"?>
<!-- Generated by org.testng.reporters.JUnitReportReporter -->
<testsuite hostname="Kunal" failures="0" tests="1" name="assignment.ConfigProperties_Q9" time="1.205" errors="0" timestamp="2021-03-04T15:22:19 IST" skipped="0">
  <testcase classname="assignment.ConfigProperties_Q9" name="T9" time="1.205"/>
  <system-out/>
</testsuite> <!-- assignment.ConfigProperties_Q9 -->
