<?xml version="1.0" encoding="UTF-8"?>
<!-- Generated by org.testng.reporters.JUnitReportReporter -->
<testsuite hostname="Kunal" failures="0" tests="1" name="assignment3.Q1_ExtendReport" time="6.442" errors="0" timestamp="2021-03-05T11:20:43 IST" skipped="0">
  <testcase classname="assignment3.Q1_ExtendReport" name="f" time="6.442"/>
  <system-out/>
</testsuite> <!-- assignment3.Q1_ExtendReport -->
