<?xml version="1.0" encoding="UTF-8"?>
<!-- Generated by org.testng.reporters.JUnitReportReporter -->
<testsuite hostname="Kunal" failures="0" tests="5" name="assignment.NewTest" time="67.345" errors="0" timestamp="2021-03-04T12:32:29 IST" skipped="0">
  <testcase classname="assignment.NewTest" name="T67" time="3.065"/>
  <system-out/>
  <testcase classname="assignment.NewTest" name="T4" time="1.110"/>
  <system-out/>
  <testcase classname="assignment.NewTest" name="T8" time="48.894"/>
  <system-out/>
  <testcase classname="assignment.NewTest" name="T5" time="9.609"/>
  <system-out/>
  <testcase classname="assignment.NewTest" name="T2" time="4.667"/>
  <system-out/>
</testsuite> <!-- assignment.NewTest -->
