<?xml version="1.0" encoding="UTF-8"?>
<!-- Generated by org.testng.reporters.JUnitReportReporter -->
<testsuite hostname="Kunal" failures="0" tests="1" name="assignment2.Q6_SizeOfBrowser" time="3.244" errors="0" timestamp="2021-03-05T15:28:40 IST" skipped="0">
  <testcase classname="assignment2.Q6_SizeOfBrowser" name="T6" time="3.244"/>
  <system-out/>
</testsuite> <!-- assignment2.Q6_SizeOfBrowser -->
