<?xml version="1.0" encoding="UTF-8"?>
<!-- Generated by org.testng.reporters.JUnitReportReporter -->
<testsuite hostname="Kunal" failures="0" tests="1" name="assignment.DragAndDrop_Q2" time="4.491" errors="0" timestamp="2021-03-04T14:10:44 IST" skipped="0">
  <testcase classname="assignment.DragAndDrop_Q2" name="T2" time="4.491"/>
  <system-out/>
</testsuite> <!-- assignment.DragAndDrop_Q2 -->
