<?xml version="1.0" encoding="UTF-8"?>
<!-- Generated by org.testng.reporters.JUnitReportReporter -->
<testsuite hostname="Kunal" failures="0" tests="1" name="assignment4.Q3_ScreenShot" time="9.333" errors="0" timestamp="2021-03-05T17:56:38 IST" skipped="0">
  <testcase classname="assignment4.Q3_ScreenShot" name="f" time="9.333"/>
  <system-out/>
</testsuite> <!-- assignment4.Q3_ScreenShot -->
