<?xml version="1.0" encoding="UTF-8"?>
<!-- Generated by org.testng.reporters.JUnitReportReporter -->
<testsuite hostname="Kunal" failures="0" tests="1" name="assignment.SizeOfBrowser_Q6" time="3.812" errors="0" timestamp="2021-03-04T14:14:56 IST" skipped="0">
  <testcase classname="assignment.SizeOfBrowser_Q6" name="T67" time="3.812"/>
  <system-out/>
</testsuite> <!-- assignment.SizeOfBrowser_Q6 -->
