<?xml version="1.0" encoding="UTF-8"?>
<!-- Generated by org.testng.reporters.JUnitReportReporter -->
<testsuite hostname="Kunal" failures="0" tests="1" name="assignment2.Q2_DragAndDrop" time="4.103" errors="0" timestamp="2021-03-05T15:19:46 IST" skipped="0">
  <testcase classname="assignment2.Q2_DragAndDrop" name="T2" time="4.103"/>
  <system-out/>
</testsuite> <!-- assignment2.Q2_DragAndDrop -->
