<?xml version="1.0" encoding="UTF-8"?>
<!-- Generated by org.testng.reporters.JUnitReportReporter -->
<testsuite hostname="Kunal" failures="0" tests="1" name="assignment.ScrollWebPage_Q5" time="11.669" errors="0" timestamp="2021-03-04T14:11:40 IST" skipped="0">
  <testcase classname="assignment.ScrollWebPage_Q5" name="T5" time="11.669"/>
  <system-out/>
</testsuite> <!-- assignment.ScrollWebPage_Q5 -->
